# JRE version: Java(TM) SE Runtime Environment (17.0.14+8) (build 17.0.14+8-LTS-191)
# Java VM: Java HotSpot(TM) 64-Bit Server VM (17.0.14+8-LTS-191, mixed mode, sharing, tiered, compressed oops, compressed class ptrs, g1 gc, windows-amd64)
GC Precious Log:
 CPUs: 8 total, 8 available
 Memory: 8043M
 Large Page Support: Disabled
 NUMA Support: Disabled
 Compressed Oops: Enabled (32-bit)
 Heap Region Size: 1M
 Heap Min Capacity: 8M
 Heap Initial Capacity: 126M
 Heap Max Capacity: 2012M
 Pre-touch: Disabled
 Parallel Workers: 8
 Concurrent Workers: 2
 Concurrent Refinement Workers: 8
 Periodic GC: Disabled
Heap:
 garbage-first heap   total 217088K, used 72029K [0x0000000082400000, 0x0000000100000000)
  region size 1024K, 32 young (32768K), 1 survivors (1024K)
 Metaspace       used 31843K, committed 32192K, reserved 1114112K
  class space    used 3663K, committed 3840K, reserved 1048576K
GC Heap History (20 events):
Event: 4.266 GC heap before
{Heap before GC invocations=3 (full 0):
 garbage-first heap   total 129024K, used 79766K [0x0000000082400000, 0x0000000100000000)
  region size 1024K, 75 young (76800K), 10 survivors (10240K)
 Metaspace       used 17395K, committed 17728K, reserved 1114112K
  class space    used 2017K, committed 2176K, reserved 1048576K
}
Event: 4.286 GC heap after
{Heap after GC invocations=4 (full 0):
 garbage-first heap   total 129024K, used 16829K [0x0000000082400000, 0x0000000100000000)
  region size 1024K, 5 young (5120K), 5 survivors (5120K)
 Metaspace       used 17395K, committed 17728K, reserved 1114112K
  class space    used 2017K, committed 2176K, reserved 1048576K
}
Event: 5.095 GC heap before
{Heap before GC invocations=4 (full 0):
 garbage-first heap   total 129024K, used 47549K [0x0000000082400000, 0x0000000100000000)
  region size 1024K, 32 young (32768K), 5 survivors (5120K)
 Metaspace       used 21234K, committed 21504K, reserved 1114112K
  class space    used 2499K, committed 2624K, reserved 1048576K
}
Event: 5.103 GC heap after
{Heap after GC invocations=5 (full 0):
 garbage-first heap   total 129024K, used 24518K [0x0000000082400000, 0x0000000100000000)
  region size 1024K, 8 young (8192K), 8 survivors (8192K)
 Metaspace       used 21234K, committed 21504K, reserved 1114112K
  class space    used 2499K, committed 2624K, reserved 1048576K
}
Event: 6.259 GC heap before
{Heap before GC invocations=6 (full 0):
 garbage-first heap   total 86016K, used 68550K [0x0000000082400000, 0x0000000100000000)
  region size 1024K, 51 young (52224K), 8 survivors (8192K)
 Metaspace       used 26778K, committed 27136K, reserved 1114112K
  class space    used 3101K, committed 3264K, reserved 1048576K
}
Event: 6.284 GC heap after
{Heap after GC invocations=7 (full 0):
 garbage-first heap   total 90112K, used 35765K [0x0000000082400000, 0x0000000100000000)
  region size 1024K, 10 young (10240K), 10 survivors (10240K)
 Metaspace       used 26778K, committed 27136K, reserved 1114112K
  class space    used 3101K, committed 3264K, reserved 1048576K
}
Event: 6.975 GC heap before
{Heap before GC invocations=7 (full 0):
 garbage-first heap   total 90112K, used 65461K [0x0000000082400000, 0x0000000100000000)
  region size 1024K, 39 young (39936K), 10 survivors (10240K)
 Metaspace       used 28442K, committed 28736K, reserved 1114112K
  class space    used 3325K, committed 3456K, reserved 1048576K
}
Event: 6.984 GC heap after
{Heap after GC invocations=8 (full 0):
 garbage-first heap   total 90112K, used 31686K [0x0000000082400000, 0x0000000100000000)
  region size 1024K, 1 young (1024K), 1 survivors (1024K)
 Metaspace       used 28442K, committed 28736K, reserved 1114112K
  class space    used 3325K, committed 3456K, reserved 1048576K
}
Event: 7.491 GC heap before
{Heap before GC invocations=8 (full 0):
 garbage-first heap   total 90112K, used 69574K [0x0000000082400000, 0x0000000100000000)
  region size 1024K, 34 young (34816K), 1 survivors (1024K)
 Metaspace       used 28541K, committed 28864K, reserved 1114112K
  class space    used 3326K, committed 3456K, reserved 1048576K
}
Event: 7.515 GC heap after
{Heap after GC invocations=9 (full 0):
 garbage-first heap   total 108544K, used 48070K [0x0000000082400000, 0x0000000100000000)
  region size 1024K, 5 young (5120K), 5 survivors (5120K)
 Metaspace       used 28541K, committed 28864K, reserved 1114112K
  class space    used 3326K, committed 3456K, reserved 1048576K
}
Event: 8.112 GC heap before
{Heap before GC invocations=9 (full 0):
 garbage-first heap   total 108544K, used 76742K [0x0000000082400000, 0x0000000100000000)
  region size 1024K, 33 young (33792K), 5 survivors (5120K)
 Metaspace       used 29163K, committed 29504K, reserved 1114112K
  class space    used 3405K, committed 3520K, reserved 1048576K
}
Event: 8.123 GC heap after
{Heap after GC invocations=10 (full 0):
 garbage-first heap   total 108544K, used 54214K [0x0000000082400000, 0x0000000100000000)
  region size 1024K, 5 young (5120K), 5 survivors (5120K)
 Metaspace       used 29163K, committed 29504K, reserved 1114112K
  class space    used 3405K, committed 3520K, reserved 1048576K
}
Event: 8.619 GC heap before
{Heap before GC invocations=10 (full 0):
 garbage-first heap   total 108544K, used 79814K [0x0000000082400000, 0x0000000100000000)
  region size 1024K, 30 young (30720K), 5 survivors (5120K)
 Metaspace       used 30034K, committed 30400K, reserved 1114112K
  class space    used 3501K, committed 3648K, reserved 1048576K
}
Event: 8.626 GC heap after
{Heap after GC invocations=11 (full 0):
 garbage-first heap   total 108544K, used 53702K [0x0000000082400000, 0x0000000100000000)
  region size 1024K, 1 young (1024K), 1 survivors (1024K)
 Metaspace       used 30034K, committed 30400K, reserved 1114112K
  class space    used 3501K, committed 3648K, reserved 1048576K
}
Event: 9.157 GC heap before
{Heap before GC invocations=12 (full 0):
 garbage-first heap   total 108544K, used 79302K [0x0000000082400000, 0x0000000100000000)
  region size 1024K, 28 young (28672K), 1 survivors (1024K)
 Metaspace       used 30239K, committed 30528K, reserved 1114112K
  class space    used 3489K, committed 3648K, reserved 1048576K
}
Event: 9.162 GC heap after
{Heap after GC invocations=13 (full 0):
 garbage-first heap   total 108544K, used 52845K [0x0000000082400000, 0x0000000100000000)
  region size 1024K, 3 young (3072K), 3 survivors (3072K)
 Metaspace       used 30239K, committed 30528K, reserved 1114112K
  class space    used 3489K, committed 3648K, reserved 1048576K
}
Event: 9.176 GC heap before
{Heap before GC invocations=13 (full 0):
 garbage-first heap   total 108544K, used 54893K [0x0000000082400000, 0x0000000100000000)
  region size 1024K, 5 young (5120K), 3 survivors (3072K)
 Metaspace       used 30242K, committed 30592K, reserved 1114112K
  class space    used 3489K, committed 3648K, reserved 1048576K
}
Event: 9.182 GC heap after
{Heap after GC invocations=14 (full 0):
 garbage-first heap   total 108544K, used 43409K [0x0000000082400000, 0x0000000100000000)
  region size 1024K, 1 young (1024K), 1 survivors (1024K)
 Metaspace       used 30242K, committed 30592K, reserved 1114112K
  class space    used 3489K, committed 3648K, reserved 1048576K
}
Event: 9.228 GC heap before
{Heap before GC invocations=14 (full 0):
 garbage-first heap   total 108544K, used 47505K [0x0000000082400000, 0x0000000100000000)
  region size 1024K, 5 young (5120K), 1 survivors (1024K)
 Metaspace       used 30353K, committed 30720K, reserved 1114112K
  class space    used 3500K, committed 3648K, reserved 1048576K
}
Event: 9.232 GC heap after
{Heap after GC invocations=15 (full 0):
 garbage-first heap   total 217088K, used 41309K [0x0000000082400000, 0x0000000100000000)
  region size 1024K, 1 young (1024K), 1 survivors (1024K)
 Metaspace       used 30353K, committed 30720K, reserved 1114112K
  class space    used 3500K, committed 3648K, reserved 1048576K
}

