# JRE version: Java(TM) SE Runtime Environment (17.0.14+8) (build 17.0.14+8-LTS-191)
# Java VM: Java HotSpot(TM) 64-Bit Server VM (17.0.14+8-LTS-191, mixed mode, sharing, tiered, compressed oops, compressed class ptrs, g1 gc, windows-amd64)
GC Precious Log:
 CPUs: 8 total, 8 available
 Memory: 8043M
 Large Page Support: Disabled
 NUMA Support: Disabled
 Compressed Oops: Enabled (32-bit)
 Heap Region Size: 1M
 Heap Min Capacity: 8M
 Heap Initial Capacity: 126M
 Heap Max Capacity: 2012M
 Pre-touch: Disabled
 Parallel Workers: 8
 Concurrent Workers: 2
 Concurrent Refinement Workers: 8
 Periodic GC: Disabled
Heap:
 garbage-first heap   total 172032K, used 91362K [0x0000000082400000, 0x0000000100000000)
  region size 1024K, 37 young (37888K), 5 survivors (5120K)
 Metaspace       used 37435K, committed 37824K, reserved 1114112K
  class space    used 4393K, committed 4544K, reserved 1048576K
GC Heap History (20 events):
Event: 2.462 GC heap before
{Heap before GC invocations=2 (full 0):
 garbage-first heap   total 129024K, used 80282K [0x0000000082400000, 0x0000000100000000)
  region size 1024K, 75 young (76800K), 2 survivors (2048K)
 Metaspace       used 15671K, committed 15808K, reserved 1114112K
  class space    used 1865K, committed 1920K, reserved 1048576K
}
Event: 2.474 GC heap after
{Heap after GC invocations=3 (full 0):
 garbage-first heap   total 129024K, used 13095K [0x0000000082400000, 0x0000000100000000)
  region size 1024K, 10 young (10240K), 10 survivors (10240K)
 Metaspace       used 15671K, committed 15808K, reserved 1114112K
  class space    used 1865K, committed 1920K, reserved 1048576K
}
Event: 3.641 GC heap before
{Heap before GC invocations=3 (full 0):
 garbage-first heap   total 129024K, used 79655K [0x0000000082400000, 0x0000000100000000)
  region size 1024K, 75 young (76800K), 10 survivors (10240K)
 Metaspace       used 17117K, committed 17408K, reserved 1114112K
  class space    used 1989K, committed 2112K, reserved 1048576K
}
Event: 3.658 GC heap after
{Heap after GC invocations=4 (full 0):
 garbage-first heap   total 129024K, used 16733K [0x0000000082400000, 0x0000000100000000)
  region size 1024K, 5 young (5120K), 5 survivors (5120K)
 Metaspace       used 17117K, committed 17408K, reserved 1114112K
  class space    used 1989K, committed 2112K, reserved 1048576K
}
Event: 4.319 GC heap before
{Heap before GC invocations=4 (full 0):
 garbage-first heap   total 129024K, used 49501K [0x0000000082400000, 0x0000000100000000)
  region size 1024K, 34 young (34816K), 5 survivors (5120K)
 Metaspace       used 21273K, committed 21504K, reserved 1114112K
  class space    used 2502K, committed 2624K, reserved 1048576K
}
Event: 4.327 GC heap after
{Heap after GC invocations=5 (full 0):
 garbage-first heap   total 129024K, used 24434K [0x0000000082400000, 0x0000000100000000)
  region size 1024K, 8 young (8192K), 8 survivors (8192K)
 Metaspace       used 21273K, committed 21504K, reserved 1114112K
  class space    used 2502K, committed 2624K, reserved 1048576K
}
Event: 5.546 GC heap before
{Heap before GC invocations=6 (full 0):
 garbage-first heap   total 86016K, used 68466K [0x0000000082400000, 0x0000000100000000)
  region size 1024K, 50 young (51200K), 8 survivors (8192K)
 Metaspace       used 26673K, committed 27008K, reserved 1114112K
  class space    used 3094K, committed 3264K, reserved 1048576K
}
Event: 5.579 GC heap after
{Heap after GC invocations=7 (full 0):
 garbage-first heap   total 90112K, used 35858K [0x0000000082400000, 0x0000000100000000)
  region size 1024K, 7 young (7168K), 7 survivors (7168K)
 Metaspace       used 26673K, committed 27008K, reserved 1114112K
  class space    used 3094K, committed 3264K, reserved 1048576K
}
Event: 5.612 GC heap before
{Heap before GC invocations=7 (full 0):
 garbage-first heap   total 90112K, used 36882K [0x0000000082400000, 0x0000000100000000)
  region size 1024K, 8 young (8192K), 7 survivors (7168K)
 Metaspace       used 26791K, committed 27136K, reserved 1114112K
  class space    used 3101K, committed 3264K, reserved 1048576K
}
Event: 5.622 GC heap after
{Heap after GC invocations=8 (full 0):
 garbage-first heap   total 90112K, used 36864K [0x0000000082400000, 0x0000000100000000)
  region size 1024K, 1 young (1024K), 1 survivors (1024K)
 Metaspace       used 26791K, committed 27136K, reserved 1114112K
  class space    used 3101K, committed 3264K, reserved 1048576K
}
Event: 6.263 GC heap before
{Heap before GC invocations=8 (full 0):
 garbage-first heap   total 90112K, used 65536K [0x0000000082400000, 0x0000000100000000)
  region size 1024K, 29 young (29696K), 1 survivors (1024K)
 Metaspace       used 28446K, committed 28736K, reserved 1114112K
  class space    used 3327K, committed 3456K, reserved 1048576K
}
Event: 6.268 GC heap after
{Heap after GC invocations=9 (full 0):
 garbage-first heap   total 90112K, used 36732K [0x0000000082400000, 0x0000000100000000)
  region size 1024K, 1 young (1024K), 1 survivors (1024K)
 Metaspace       used 28446K, committed 28736K, reserved 1114112K
  class space    used 3327K, committed 3456K, reserved 1048576K
}
Event: 6.781 GC heap before
{Heap before GC invocations=10 (full 0):
 garbage-first heap   total 90112K, used 69500K [0x0000000082400000, 0x0000000100000000)
  region size 1024K, 31 young (31744K), 1 survivors (1024K)
 Metaspace       used 28547K, committed 28864K, reserved 1114112K
  class space    used 3328K, committed 3456K, reserved 1048576K
}
Event: 6.796 GC heap after
{Heap after GC invocations=11 (full 0):
 garbage-first heap   total 90112K, used 49554K [0x0000000082400000, 0x0000000100000000)
  region size 1024K, 4 young (4096K), 4 survivors (4096K)
 Metaspace       used 28547K, committed 28864K, reserved 1114112K
  class space    used 3328K, committed 3456K, reserved 1048576K
}
Event: 6.812 GC heap before
{Heap before GC invocations=11 (full 0):
 garbage-first heap   total 90112K, used 49554K [0x0000000082400000, 0x0000000100000000)
  region size 1024K, 5 young (5120K), 4 survivors (4096K)
 Metaspace       used 28547K, committed 28864K, reserved 1114112K
  class space    used 3328K, committed 3456K, reserved 1048576K
}
Event: 6.819 GC heap after
{Heap after GC invocations=12 (full 0):
 garbage-first heap   total 172032K, used 47688K [0x0000000082400000, 0x0000000100000000)
  region size 1024K, 1 young (1024K), 1 survivors (1024K)
 Metaspace       used 28547K, committed 28864K, reserved 1114112K
  class space    used 3328K, committed 3456K, reserved 1048576K
}
Event: 8.125 GC heap before
{Heap before GC invocations=12 (full 0):
 garbage-first heap   total 172032K, used 117320K [0x0000000082400000, 0x0000000100000000)
  region size 1024K, 69 young (70656K), 1 survivors (1024K)
 Metaspace       used 30373K, committed 30656K, reserved 1114112K
  class space    used 3530K, committed 3648K, reserved 1048576K
}
Event: 8.130 GC heap after
{Heap after GC invocations=13 (full 0):
 garbage-first heap   total 172032K, used 52591K [0x0000000082400000, 0x0000000100000000)
  region size 1024K, 6 young (6144K), 6 survivors (6144K)
 Metaspace       used 30373K, committed 30656K, reserved 1114112K
  class space    used 3530K, committed 3648K, reserved 1048576K
}
Event: 9.258 GC heap before
{Heap before GC invocations=13 (full 0):
 garbage-first heap   total 172032K, used 142703K [0x0000000082400000, 0x0000000100000000)
  region size 1024K, 74 young (75776K), 6 survivors (6144K)
 Metaspace       used 34057K, committed 34368K, reserved 1114112K
  class space    used 4017K, committed 4160K, reserved 1048576K
}
Event: 9.264 GC heap after
{Heap after GC invocations=14 (full 0):
 garbage-first heap   total 172032K, used 57570K [0x0000000082400000, 0x0000000100000000)
  region size 1024K, 5 young (5120K), 5 survivors (5120K)
 Metaspace       used 34057K, committed 34368K, reserved 1114112K
  class space    used 4017K, committed 4160K, reserved 1048576K
}

