# JRE version: Java(TM) SE Runtime Environment (17.0.14+8) (build 17.0.14+8-LTS-191)
# Java VM: Java HotSpot(TM) 64-Bit Server VM (17.0.14+8-LTS-191, mixed mode, sharing, tiered, compressed oops, compressed class ptrs, g1 gc, windows-amd64)
GC Precious Log:
 CPUs: 8 total, 8 available
 Memory: 8043M
 Large Page Support: Disabled
 NUMA Support: Disabled
 Compressed Oops: Enabled (32-bit)
 Heap Region Size: 1M
 Heap Min Capacity: 8M
 Heap Initial Capacity: 126M
 Heap Max Capacity: 2012M
 Pre-touch: Disabled
 Parallel Workers: 8
 Concurrent Workers: 2
 Concurrent Refinement Workers: 8
 Periodic GC: Disabled
Heap:
 garbage-first heap   total 111616K, used 74170K [0x0000000082400000, 0x0000000100000000)
  region size 1024K, 20 young (20480K), 4 survivors (4096K)
 Metaspace       used 68249K, committed 68928K, reserved 1114112K
  class space    used 8827K, committed 9152K, reserved 1048576K
GC Heap History (20 events):
Event: 9.303 GC heap before
{Heap before GC invocations=20 (full 0):
 garbage-first heap   total 105472K, used 79872K [0x0000000082400000, 0x0000000100000000)
  region size 1024K, 29 young (29696K), 5 survivors (5120K)
 Metaspace       used 63753K, committed 64320K, reserved 1114112K
  class space    used 8355K, committed 8640K, reserved 1048576K
}
Event: 9.310 GC heap after
{Heap after GC invocations=21 (full 0):
 garbage-first heap   total 105472K, used 59123K [0x0000000082400000, 0x0000000100000000)
  region size 1024K, 4 young (4096K), 4 survivors (4096K)
 Metaspace       used 63753K, committed 64320K, reserved 1114112K
  class space    used 8355K, committed 8640K, reserved 1048576K
}
Event: 9.647 GC heap before
{Heap before GC invocations=22 (full 0):
 garbage-first heap   total 107520K, used 80627K [0x0000000082400000, 0x0000000100000000)
  region size 1024K, 25 young (25600K), 4 survivors (4096K)
 Metaspace       used 64877K, committed 65472K, reserved 1114112K
  class space    used 8479K, committed 8768K, reserved 1048576K
}
Event: 9.652 GC heap after
{Heap after GC invocations=23 (full 0):
 garbage-first heap   total 107520K, used 61256K [0x0000000082400000, 0x0000000100000000)
  region size 1024K, 2 young (2048K), 2 survivors (2048K)
 Metaspace       used 64877K, committed 65472K, reserved 1114112K
  class space    used 8479K, committed 8768K, reserved 1048576K
}
Event: 9.696 GC heap before
{Heap before GC invocations=23 (full 0):
 garbage-first heap   total 107520K, used 64328K [0x0000000082400000, 0x0000000100000000)
  region size 1024K, 5 young (5120K), 2 survivors (2048K)
 Metaspace       used 65211K, committed 65728K, reserved 1114112K
  class space    used 8519K, committed 8768K, reserved 1048576K
}
Event: 9.702 GC heap after
{Heap after GC invocations=24 (full 0):
 garbage-first heap   total 141312K, used 52805K [0x0000000082400000, 0x0000000100000000)
  region size 1024K, 1 young (1024K), 1 survivors (1024K)
 Metaspace       used 65211K, committed 65728K, reserved 1114112K
  class space    used 8519K, committed 8768K, reserved 1048576K
}
Event: 90.960 GC heap before
{Heap before GC invocations=24 (full 0):
 garbage-first heap   total 141312K, used 68165K [0x0000000082400000, 0x0000000100000000)
  region size 1024K, 17 young (17408K), 1 survivors (1024K)
 Metaspace       used 67231K, committed 67776K, reserved 1114112K
  class space    used 8800K, committed 9088K, reserved 1048576K
}
Event: 91.013 GC heap after
{Heap after GC invocations=25 (full 1):
 garbage-first heap   total 106496K, used 28377K [0x0000000082400000, 0x0000000100000000)
  region size 1024K, 0 young (0K), 0 survivors (0K)
 Metaspace       used 67231K, committed 67776K, reserved 1114112K
  class space    used 8800K, committed 9088K, reserved 1048576K
}
Event: 91.858 GC heap before
{Heap before GC invocations=25 (full 1):
 garbage-first heap   total 106496K, used 69337K [0x0000000082400000, 0x0000000100000000)
  region size 1024K, 41 young (41984K), 0 survivors (0K)
 Metaspace       used 67473K, committed 68160K, reserved 1114112K
  class space    used 8805K, committed 9152K, reserved 1048576K
}
Event: 91.862 GC heap after
{Heap after GC invocations=26 (full 1):
 garbage-first heap   total 106496K, used 31591K [0x0000000082400000, 0x0000000100000000)
  region size 1024K, 4 young (4096K), 4 survivors (4096K)
 Metaspace       used 67473K, committed 68160K, reserved 1114112K
  class space    used 8805K, committed 9152K, reserved 1048576K
}
Event: 92.773 GC heap before
{Heap before GC invocations=26 (full 1):
 garbage-first heap   total 106496K, used 72551K [0x0000000082400000, 0x0000000100000000)
  region size 1024K, 44 young (45056K), 4 survivors (4096K)
 Metaspace       used 67706K, committed 68352K, reserved 1114112K
  class space    used 8806K, committed 9152K, reserved 1048576K
}
Event: 92.777 GC heap after
{Heap after GC invocations=27 (full 1):
 garbage-first heap   total 106496K, used 34020K [0x0000000082400000, 0x0000000100000000)
  region size 1024K, 3 young (3072K), 3 survivors (3072K)
 Metaspace       used 67706K, committed 68352K, reserved 1114112K
  class space    used 8806K, committed 9152K, reserved 1048576K
}
Event: 93.676 GC heap before
{Heap before GC invocations=27 (full 1):
 garbage-first heap   total 106496K, used 74980K [0x0000000082400000, 0x0000000100000000)
  region size 1024K, 43 young (44032K), 3 survivors (3072K)
 Metaspace       used 68045K, committed 68736K, reserved 1114112K
  class space    used 8820K, committed 9152K, reserved 1048576K
}
Event: 93.680 GC heap after
{Heap after GC invocations=28 (full 1):
 garbage-first heap   total 106496K, used 35793K [0x0000000082400000, 0x0000000100000000)
  region size 1024K, 5 young (5120K), 5 survivors (5120K)
 Metaspace       used 68045K, committed 68736K, reserved 1114112K
  class space    used 8820K, committed 9152K, reserved 1048576K
}
Event: 94.030 GC heap before
{Heap before GC invocations=28 (full 1):
 garbage-first heap   total 106496K, used 77777K [0x0000000082400000, 0x0000000100000000)
  region size 1024K, 45 young (46080K), 5 survivors (5120K)
 Metaspace       used 68138K, committed 68800K, reserved 1114112K
  class space    used 8821K, committed 9152K, reserved 1048576K
}
Event: 94.041 GC heap after
{Heap after GC invocations=29 (full 1):
 garbage-first heap   total 106496K, used 44711K [0x0000000082400000, 0x0000000100000000)
  region size 1024K, 6 young (6144K), 6 survivors (6144K)
 Metaspace       used 68138K, committed 68800K, reserved 1114112K
  class space    used 8821K, committed 9152K, reserved 1048576K
}
Event: 94.278 GC heap before
{Heap before GC invocations=29 (full 1):
 garbage-first heap   total 106496K, used 78503K [0x0000000082400000, 0x0000000100000000)
  region size 1024K, 38 young (38912K), 6 survivors (6144K)
 Metaspace       used 68207K, committed 68864K, reserved 1114112K
  class space    used 8827K, committed 9152K, reserved 1048576K
}
Event: 94.286 GC heap after
{Heap after GC invocations=30 (full 1):
 garbage-first heap   total 106496K, used 52060K [0x0000000082400000, 0x0000000100000000)
  region size 1024K, 5 young (5120K), 5 survivors (5120K)
 Metaspace       used 68207K, committed 68864K, reserved 1114112K
  class space    used 8827K, committed 9152K, reserved 1048576K
}
Event: 94.511 GC heap before
{Heap before GC invocations=30 (full 1):
 garbage-first heap   total 106496K, used 77660K [0x0000000082400000, 0x0000000100000000)
  region size 1024K, 31 young (31744K), 5 survivors (5120K)
 Metaspace       used 68220K, committed 68864K, reserved 1114112K
  class space    used 8827K, committed 9152K, reserved 1048576K
}
Event: 94.519 GC heap after
{Heap after GC invocations=31 (full 1):
 garbage-first heap   total 106496K, used 58810K [0x0000000082400000, 0x0000000100000000)
  region size 1024K, 4 young (4096K), 4 survivors (4096K)
 Metaspace       used 68220K, committed 68864K, reserved 1114112K
  class space    used 8827K, committed 9152K, reserved 1048576K
}

