# JRE version: Java(TM) SE Runtime Environment (17.0.14+8) (build 17.0.14+8-LTS-191)
# Java VM: Java HotSpot(TM) 64-Bit Server VM (17.0.14+8-LTS-191, mixed mode, sharing, tiered, compressed oops, compressed class ptrs, g1 gc, windows-amd64)
GC Precious Log:
 CPUs: 8 total, 8 available
 Memory: 8043M
 Large Page Support: Disabled
 NUMA Support: Disabled
 Compressed Oops: Enabled (32-bit)
 Heap Region Size: 1M
 Heap Min Capacity: 8M
 Heap Initial Capacity: 126M
 Heap Max Capacity: 2012M
 Pre-touch: Disabled
 Parallel Workers: 8
 Concurrent Workers: 2
 Concurrent Refinement Workers: 8
 Periodic GC: Disabled
Heap:
 garbage-first heap   total 178176K, used 96539K [0x0000000082400000, 0x0000000100000000)
  region size 1024K, 52 young (53248K), 7 survivors (7168K)
 Metaspace       used 33283K, committed 33664K, reserved 1114112K
  class space    used 3839K, committed 4032K, reserved 1048576K
GC Heap History (20 events):
Event: 1.110 GC heap before
{Heap before GC invocations=1 (full 0):
 garbage-first heap   total 129024K, used 35498K [0x0000000082400000, 0x0000000100000000)
  region size 1024K, 34 young (34816K), 3 survivors (3072K)
 Metaspace       used 10015K, committed 10112K, reserved 1114112K
  class space    used 1225K, committed 1280K, reserved 1048576K
}
Event: 1.114 GC heap after
{Heap after GC invocations=2 (full 0):
 garbage-first heap   total 129024K, used 5602K [0x0000000082400000, 0x0000000100000000)
  region size 1024K, 2 young (2048K), 2 survivors (2048K)
 Metaspace       used 10015K, committed 10112K, reserved 1114112K
  class space    used 1225K, committed 1280K, reserved 1048576K
}
Event: 2.501 GC heap before
{Heap before GC invocations=2 (full 0):
 garbage-first heap   total 129024K, used 80354K [0x0000000082400000, 0x0000000100000000)
  region size 1024K, 75 young (76800K), 2 survivors (2048K)
 Metaspace       used 15665K, committed 15872K, reserved 1114112K
  class space    used 1865K, committed 1984K, reserved 1048576K
}
Event: 2.514 GC heap after
{Heap after GC invocations=3 (full 0):
 garbage-first heap   total 129024K, used 13050K [0x0000000082400000, 0x0000000100000000)
  region size 1024K, 10 young (10240K), 10 survivors (10240K)
 Metaspace       used 15665K, committed 15872K, reserved 1114112K
  class space    used 1865K, committed 1984K, reserved 1048576K
}
Event: 3.782 GC heap before
{Heap before GC invocations=3 (full 0):
 garbage-first heap   total 129024K, used 79610K [0x0000000082400000, 0x0000000100000000)
  region size 1024K, 75 young (76800K), 10 survivors (10240K)
 Metaspace       used 17360K, committed 17664K, reserved 1114112K
  class space    used 2014K, committed 2176K, reserved 1048576K
}
Event: 3.798 GC heap after
{Heap after GC invocations=4 (full 0):
 garbage-first heap   total 129024K, used 16747K [0x0000000082400000, 0x0000000100000000)
  region size 1024K, 5 young (5120K), 5 survivors (5120K)
 Metaspace       used 17360K, committed 17664K, reserved 1114112K
  class space    used 2014K, committed 2176K, reserved 1048576K
}
Event: 4.481 GC heap before
{Heap before GC invocations=4 (full 0):
 garbage-first heap   total 129024K, used 48491K [0x0000000082400000, 0x0000000100000000)
  region size 1024K, 33 young (33792K), 5 survivors (5120K)
 Metaspace       used 21270K, committed 21504K, reserved 1114112K
  class space    used 2501K, committed 2624K, reserved 1048576K
}
Event: 4.491 GC heap after
{Heap after GC invocations=5 (full 0):
 garbage-first heap   total 129024K, used 24443K [0x0000000082400000, 0x0000000100000000)
  region size 1024K, 8 young (8192K), 8 survivors (8192K)
 Metaspace       used 21270K, committed 21504K, reserved 1114112K
  class space    used 2501K, committed 2624K, reserved 1048576K
}
Event: 5.633 GC heap before
{Heap before GC invocations=6 (full 0):
 garbage-first heap   total 86016K, used 68475K [0x0000000082400000, 0x0000000100000000)
  region size 1024K, 50 young (51200K), 8 survivors (8192K)
 Metaspace       used 26759K, committed 27136K, reserved 1114112K
  class space    used 3096K, committed 3264K, reserved 1048576K
}
Event: 5.661 GC heap after
{Heap after GC invocations=7 (full 0):
 garbage-first heap   total 89088K, used 35627K [0x0000000082400000, 0x0000000100000000)
  region size 1024K, 7 young (7168K), 7 survivors (7168K)
 Metaspace       used 26759K, committed 27136K, reserved 1114112K
  class space    used 3096K, committed 3264K, reserved 1048576K
}
Event: 5.676 GC heap before
{Heap before GC invocations=7 (full 0):
 garbage-first heap   total 89088K, used 35627K [0x0000000082400000, 0x0000000100000000)
  region size 1024K, 8 young (8192K), 7 survivors (7168K)
 Metaspace       used 26804K, committed 27136K, reserved 1114112K
  class space    used 3101K, committed 3264K, reserved 1048576K
}
Event: 5.686 GC heap after
{Heap after GC invocations=8 (full 0):
 garbage-first heap   total 89088K, used 36864K [0x0000000082400000, 0x0000000100000000)
  region size 1024K, 1 young (1024K), 1 survivors (1024K)
 Metaspace       used 26804K, committed 27136K, reserved 1114112K
  class space    used 3101K, committed 3264K, reserved 1048576K
}
Event: 6.387 GC heap before
{Heap before GC invocations=8 (full 0):
 garbage-first heap   total 89088K, used 64512K [0x0000000082400000, 0x0000000100000000)
  region size 1024K, 28 young (28672K), 1 survivors (1024K)
 Metaspace       used 28440K, committed 28736K, reserved 1114112K
  class space    used 3324K, committed 3456K, reserved 1048576K
}
Event: 6.391 GC heap after
{Heap after GC invocations=9 (full 0):
 garbage-first heap   total 89088K, used 36738K [0x0000000082400000, 0x0000000100000000)
  region size 1024K, 1 young (1024K), 1 survivors (1024K)
 Metaspace       used 28440K, committed 28736K, reserved 1114112K
  class space    used 3324K, committed 3456K, reserved 1048576K
}
Event: 6.848 GC heap before
{Heap before GC invocations=10 (full 0):
 garbage-first heap   total 89088K, used 69506K [0x0000000082400000, 0x0000000100000000)
  region size 1024K, 30 young (30720K), 1 survivors (1024K)
 Metaspace       used 28534K, committed 28864K, reserved 1114112K
  class space    used 3325K, committed 3456K, reserved 1048576K
}
Event: 6.864 GC heap after
{Heap after GC invocations=11 (full 0):
 garbage-first heap   total 178176K, used 49877K [0x0000000082400000, 0x0000000100000000)
  region size 1024K, 4 young (4096K), 4 survivors (4096K)
 Metaspace       used 28534K, committed 28864K, reserved 1114112K
  class space    used 3325K, committed 3456K, reserved 1048576K
}
Event: 6.919 GC heap before
{Heap before GC invocations=11 (full 0):
 garbage-first heap   total 178176K, used 53973K [0x0000000082400000, 0x0000000100000000)
  region size 1024K, 8 young (8192K), 4 survivors (4096K)
 Metaspace       used 28540K, committed 28864K, reserved 1114112K
  class space    used 3325K, committed 3456K, reserved 1048576K
}
Event: 6.925 GC heap after
{Heap after GC invocations=12 (full 0):
 garbage-first heap   total 178176K, used 46080K [0x0000000082400000, 0x0000000100000000)
  region size 1024K, 1 young (1024K), 1 survivors (1024K)
 Metaspace       used 28540K, committed 28864K, reserved 1114112K
  class space    used 3325K, committed 3456K, reserved 1048576K
}
Event: 8.482 GC heap before
{Heap before GC invocations=12 (full 0):
 garbage-first heap   total 178176K, used 122880K [0x0000000082400000, 0x0000000100000000)
  region size 1024K, 76 young (77824K), 1 survivors (1024K)
 Metaspace       used 31508K, committed 31872K, reserved 1114112K
  class space    used 3653K, committed 3840K, reserved 1048576K
}
Event: 8.490 GC heap after
{Heap after GC invocations=13 (full 0):
 garbage-first heap   total 178176K, used 51483K [0x0000000082400000, 0x0000000100000000)
  region size 1024K, 7 young (7168K), 7 survivors (7168K)
 Metaspace       used 31508K, committed 31872K, reserved 1114112K
  class space    used 3653K, committed 3840K, reserved 1048576K
}

