# JRE version: Java(TM) SE Runtime Environment (17.0.14+8) (build 17.0.14+8-LTS-191)
# Java VM: Java HotSpot(TM) 64-Bit Server VM (17.0.14+8-LTS-191, mixed mode, sharing, tiered, compressed oops, compressed class ptrs, g1 gc, windows-amd64)
GC Precious Log:
 CPUs: 8 total, 8 available
 Memory: 8043M
 Large Page Support: Disabled
 NUMA Support: Disabled
 Compressed Oops: Enabled (32-bit)
 Heap Region Size: 1M
 Heap Min Capacity: 8M
 Heap Initial Capacity: 126M
 Heap Max Capacity: 2012M
 Pre-touch: Disabled
 Parallel Workers: 8
 Concurrent Workers: 2
 Concurrent Refinement Workers: 8
 Periodic GC: Disabled
Heap:
 garbage-first heap   total 107520K, used 54305K [0x0000000082400000, 0x0000000100000000)
  region size 1024K, 9 young (9216K), 2 survivors (2048K)
 Metaspace       used 29680K, committed 30080K, reserved 1114112K
  class space    used 3436K, committed 3648K, reserved 1048576K
GC Heap History (20 events):
Event: 3.312 GC heap before
{Heap before GC invocations=2 (full 0):
 garbage-first heap   total 129024K, used 80116K [0x0000000082400000, 0x0000000100000000)
  region size 1024K, 75 young (76800K), 2 survivors (2048K)
 Metaspace       used 15668K, committed 15872K, reserved 1114112K
  class space    used 1865K, committed 1920K, reserved 1048576K
}
Event: 3.330 GC heap after
{Heap after GC invocations=3 (full 0):
 garbage-first heap   total 129024K, used 13112K [0x0000000082400000, 0x0000000100000000)
  region size 1024K, 10 young (10240K), 10 survivors (10240K)
 Metaspace       used 15668K, committed 15872K, reserved 1114112K
  class space    used 1865K, committed 1920K, reserved 1048576K
}
Event: 4.717 GC heap before
{Heap before GC invocations=3 (full 0):
 garbage-first heap   total 129024K, used 79672K [0x0000000082400000, 0x0000000100000000)
  region size 1024K, 75 young (76800K), 10 survivors (10240K)
 Metaspace       used 16990K, committed 17280K, reserved 1114112K
  class space    used 1985K, committed 2112K, reserved 1048576K
}
Event: 4.733 GC heap after
{Heap after GC invocations=4 (full 0):
 garbage-first heap   total 129024K, used 16239K [0x0000000082400000, 0x0000000100000000)
  region size 1024K, 4 young (4096K), 4 survivors (4096K)
 Metaspace       used 16990K, committed 17280K, reserved 1114112K
  class space    used 1985K, committed 2112K, reserved 1048576K
}
Event: 5.487 GC heap before
{Heap before GC invocations=4 (full 0):
 garbage-first heap   total 129024K, used 49007K [0x0000000082400000, 0x0000000100000000)
  region size 1024K, 33 young (33792K), 4 survivors (4096K)
 Metaspace       used 21261K, committed 21504K, reserved 1114112K
  class space    used 2505K, committed 2624K, reserved 1048576K
}
Event: 5.497 GC heap after
{Heap after GC invocations=5 (full 0):
 garbage-first heap   total 129024K, used 24480K [0x0000000082400000, 0x0000000100000000)
  region size 1024K, 8 young (8192K), 8 survivors (8192K)
 Metaspace       used 21261K, committed 21504K, reserved 1114112K
  class space    used 2505K, committed 2624K, reserved 1048576K
}
Event: 6.663 GC heap before
{Heap before GC invocations=6 (full 0):
 garbage-first heap   total 86016K, used 67488K [0x0000000082400000, 0x0000000100000000)
  region size 1024K, 50 young (51200K), 8 survivors (8192K)
 Metaspace       used 26723K, committed 27008K, reserved 1114112K
  class space    used 3100K, committed 3264K, reserved 1048576K
}
Event: 6.687 GC heap after
{Heap after GC invocations=7 (full 0):
 garbage-first heap   total 89088K, used 35641K [0x0000000082400000, 0x0000000100000000)
  region size 1024K, 10 young (10240K), 10 survivors (10240K)
 Metaspace       used 26723K, committed 27008K, reserved 1114112K
  class space    used 3100K, committed 3264K, reserved 1048576K
}
Event: 7.373 GC heap before
{Heap before GC invocations=8 (full 0):
 garbage-first heap   total 89088K, used 64313K [0x0000000082400000, 0x0000000100000000)
  region size 1024K, 38 young (38912K), 10 survivors (10240K)
 Metaspace       used 28392K, committed 28736K, reserved 1114112K
  class space    used 3328K, committed 3456K, reserved 1048576K
}
Event: 7.386 GC heap after
{Heap after GC invocations=9 (full 0):
 garbage-first heap   total 89088K, used 32160K [0x0000000082400000, 0x0000000100000000)
  region size 1024K, 1 young (1024K), 1 survivors (1024K)
 Metaspace       used 28392K, committed 28736K, reserved 1114112K
  class space    used 3328K, committed 3456K, reserved 1048576K
}
Event: 7.932 GC heap before
{Heap before GC invocations=9 (full 0):
 garbage-first heap   total 89088K, used 69024K [0x0000000082400000, 0x0000000100000000)
  region size 1024K, 33 young (33792K), 1 survivors (1024K)
 Metaspace       used 28503K, committed 28800K, reserved 1114112K
  class space    used 3330K, committed 3456K, reserved 1048576K
}
Event: 7.955 GC heap after
{Heap after GC invocations=10 (full 0):
 garbage-first heap   total 89088K, used 48020K [0x0000000082400000, 0x0000000100000000)
  region size 1024K, 5 young (5120K), 5 survivors (5120K)
 Metaspace       used 28503K, committed 28800K, reserved 1114112K
  class space    used 3330K, committed 3456K, reserved 1048576K
}
Event: 8.356 GC heap before
{Heap before GC invocations=10 (full 0):
 garbage-first heap   total 89088K, used 66452K [0x0000000082400000, 0x0000000100000000)
  region size 1024K, 23 young (23552K), 5 survivors (5120K)
 Metaspace       used 28566K, committed 28864K, reserved 1114112K
  class space    used 3335K, committed 3456K, reserved 1048576K
}
Event: 8.375 GC heap after
{Heap after GC invocations=11 (full 0):
 garbage-first heap   total 107520K, used 54176K [0x0000000082400000, 0x0000000100000000)
  region size 1024K, 3 young (3072K), 3 survivors (3072K)
 Metaspace       used 28566K, committed 28864K, reserved 1114112K
  class space    used 3335K, committed 3456K, reserved 1048576K
}
Event: 9.085 GC heap before
{Heap before GC invocations=12 (full 0):
 garbage-first heap   total 107520K, used 76704K [0x0000000082400000, 0x0000000100000000)
  region size 1024K, 26 young (26624K), 3 survivors (3072K)
 Metaspace       used 29574K, committed 29888K, reserved 1114112K
  class space    used 3461K, committed 3584K, reserved 1048576K
}
Event: 9.095 GC heap after
{Heap after GC invocations=13 (full 0):
 garbage-first heap   total 107520K, used 55693K [0x0000000082400000, 0x0000000100000000)
  region size 1024K, 1 young (1024K), 1 survivors (1024K)
 Metaspace       used 29574K, committed 29888K, reserved 1114112K
  class space    used 3461K, committed 3584K, reserved 1048576K
}
Event: 9.175 GC heap before
{Heap before GC invocations=13 (full 0):
 garbage-first heap   total 107520K, used 58765K [0x0000000082400000, 0x0000000100000000)
  region size 1024K, 5 young (5120K), 1 survivors (1024K)
 Metaspace       used 29793K, committed 30144K, reserved 1114112K
  class space    used 3483K, committed 3648K, reserved 1048576K
}
Event: 9.177 GC heap after
{Heap after GC invocations=14 (full 0):
 garbage-first heap   total 107520K, used 55233K [0x0000000082400000, 0x0000000100000000)
  region size 1024K, 1 young (1024K), 1 survivors (1024K)
 Metaspace       used 29793K, committed 30144K, reserved 1114112K
  class space    used 3483K, committed 3648K, reserved 1048576K
}
Event: 9.822 GC heap before
{Heap before GC invocations=14 (full 0):
 garbage-first heap   total 107520K, used 78785K [0x0000000082400000, 0x0000000100000000)
  region size 1024K, 25 young (25600K), 1 survivors (1024K)
 Metaspace       used 30477K, committed 30848K, reserved 1114112K
  class space    used 3545K, committed 3712K, reserved 1048576K
}
Event: 9.831 GC heap after
{Heap after GC invocations=15 (full 0):
 garbage-first heap   total 107520K, used 56353K [0x0000000082400000, 0x0000000100000000)
  region size 1024K, 2 young (2048K), 2 survivors (2048K)
 Metaspace       used 30477K, committed 30848K, reserved 1114112K
  class space    used 3545K, committed 3712K, reserved 1048576K
}

