# JRE version: OpenJDK Runtime Environment Temurin-23.0.2+7 (23.0.2+7) (build 23.0.2+7)
# Java VM: OpenJDK 64-Bit Server VM Temurin-23.0.2+7 (23.0.2+7, mixed mode, emulated-client, sharing, tiered, compressed oops, compressed class ptrs, g1 gc, windows-amd64)
GC Precious Log:
 CardTable entry size: 512
 Card Set container configuration: InlinePtr #cards 5 size 8 Array Of Cards #cards 10 size 36 Howl #buckets 4 coarsen threshold 1843 Howl Bitmap #cards 512 size 80 coarsen threshold 460 Card regions per heap region 1 cards per card region 2048
 CPUs: 8 total, 8 available
 Memory: 8043M
 Large Page Support: Disabled
 NUMA Support: Disabled
 Compressed Oops: Enabled (32-bit)
 Heap Region Size: 1M
 Heap Min Capacity: 8M
 Heap Initial Capacity: 126M
 Heap Max Capacity: 1G
 Pre-touch: Disabled
 Parallel Workers: 8
 Concurrent Workers: 2
 Concurrent Refinement Workers: 8
 Periodic GC: Disabled
Heap:
 garbage-first heap   total reserved 1048576K, committed 80896K, used 38359K [0x00000000c0000000, 0x0000000100000000)
  region size 1024K, 1 young (1024K), 0 survivors (0K)
 Metaspace       used 54666K, committed 55424K, reserved 1114112K
  class space    used 7056K, committed 7360K, reserved 1048576K
GC Heap History (20 events):
Event: 1203.943 GC heap after
{Heap after GC invocations=93 (full 81):
 garbage-first heap   total reserved 1048576K, committed 80896K, used 38359K [0x00000000c0000000, 0x0000000100000000)
  region size 1024K, 0 young (0K), 0 survivors (0K)
 Metaspace       used 54666K, committed 55424K, reserved 1114112K
  class space    used 7056K, committed 7360K, reserved 1048576K
}
Event: 1214.481 GC heap before
{Heap before GC invocations=93 (full 81):
 garbage-first heap   total reserved 1048576K, committed 80896K, used 38359K [0x00000000c0000000, 0x0000000100000000)
  region size 1024K, 1 young (1024K), 0 survivors (0K)
 Metaspace       used 54666K, committed 55424K, reserved 1114112K
  class space    used 7056K, committed 7360K, reserved 1048576K
}
Event: 1214.508 GC heap after
{Heap after GC invocations=94 (full 82):
 garbage-first heap   total reserved 1048576K, committed 80896K, used 38359K [0x00000000c0000000, 0x0000000100000000)
  region size 1024K, 0 young (0K), 0 survivors (0K)
 Metaspace       used 54666K, committed 55424K, reserved 1114112K
  class space    used 7056K, committed 7360K, reserved 1048576K
}
Event: 1225.047 GC heap before
{Heap before GC invocations=94 (full 82):
 garbage-first heap   total reserved 1048576K, committed 80896K, used 38359K [0x00000000c0000000, 0x0000000100000000)
  region size 1024K, 1 young (1024K), 0 survivors (0K)
 Metaspace       used 54666K, committed 55424K, reserved 1114112K
  class space    used 7056K, committed 7360K, reserved 1048576K
}
Event: 1225.075 GC heap after
{Heap after GC invocations=95 (full 83):
 garbage-first heap   total reserved 1048576K, committed 80896K, used 38359K [0x00000000c0000000, 0x0000000100000000)
  region size 1024K, 0 young (0K), 0 survivors (0K)
 Metaspace       used 54666K, committed 55424K, reserved 1114112K
  class space    used 7056K, committed 7360K, reserved 1048576K
}
Event: 1235.611 GC heap before
{Heap before GC invocations=95 (full 83):
 garbage-first heap   total reserved 1048576K, committed 80896K, used 38359K [0x00000000c0000000, 0x0000000100000000)
  region size 1024K, 1 young (1024K), 0 survivors (0K)
 Metaspace       used 54666K, committed 55424K, reserved 1114112K
  class space    used 7056K, committed 7360K, reserved 1048576K
}
Event: 1235.639 GC heap after
{Heap after GC invocations=96 (full 84):
 garbage-first heap   total reserved 1048576K, committed 80896K, used 38359K [0x00000000c0000000, 0x0000000100000000)
  region size 1024K, 0 young (0K), 0 survivors (0K)
 Metaspace       used 54666K, committed 55424K, reserved 1114112K
  class space    used 7056K, committed 7360K, reserved 1048576K
}
Event: 1246.148 GC heap before
{Heap before GC invocations=96 (full 84):
 garbage-first heap   total reserved 1048576K, committed 80896K, used 38359K [0x00000000c0000000, 0x0000000100000000)
  region size 1024K, 1 young (1024K), 0 survivors (0K)
 Metaspace       used 54666K, committed 55424K, reserved 1114112K
  class space    used 7056K, committed 7360K, reserved 1048576K
}
Event: 1246.178 GC heap after
{Heap after GC invocations=97 (full 85):
 garbage-first heap   total reserved 1048576K, committed 80896K, used 38359K [0x00000000c0000000, 0x0000000100000000)
  region size 1024K, 0 young (0K), 0 survivors (0K)
 Metaspace       used 54666K, committed 55424K, reserved 1114112K
  class space    used 7056K, committed 7360K, reserved 1048576K
}
Event: 1257.258 GC heap before
{Heap before GC invocations=97 (full 85):
 garbage-first heap   total reserved 1048576K, committed 80896K, used 38359K [0x00000000c0000000, 0x0000000100000000)
  region size 1024K, 1 young (1024K), 0 survivors (0K)
 Metaspace       used 54666K, committed 55424K, reserved 1114112K
  class space    used 7056K, committed 7360K, reserved 1048576K
}
Event: 1257.319 GC heap after
{Heap after GC invocations=98 (full 86):
 garbage-first heap   total reserved 1048576K, committed 80896K, used 38359K [0x00000000c0000000, 0x0000000100000000)
  region size 1024K, 0 young (0K), 0 survivors (0K)
 Metaspace       used 54666K, committed 55424K, reserved 1114112K
  class space    used 7056K, committed 7360K, reserved 1048576K
}
Event: 1268.028 GC heap before
{Heap before GC invocations=98 (full 86):
 garbage-first heap   total reserved 1048576K, committed 80896K, used 38359K [0x00000000c0000000, 0x0000000100000000)
  region size 1024K, 1 young (1024K), 0 survivors (0K)
 Metaspace       used 54666K, committed 55424K, reserved 1114112K
  class space    used 7056K, committed 7360K, reserved 1048576K
}
Event: 1268.068 GC heap after
{Heap after GC invocations=99 (full 87):
 garbage-first heap   total reserved 1048576K, committed 80896K, used 38359K [0x00000000c0000000, 0x0000000100000000)
  region size 1024K, 0 young (0K), 0 survivors (0K)
 Metaspace       used 54666K, committed 55424K, reserved 1114112K
  class space    used 7056K, committed 7360K, reserved 1048576K
}
Event: 1278.706 GC heap before
{Heap before GC invocations=99 (full 87):
 garbage-first heap   total reserved 1048576K, committed 80896K, used 38359K [0x00000000c0000000, 0x0000000100000000)
  region size 1024K, 1 young (1024K), 0 survivors (0K)
 Metaspace       used 54666K, committed 55424K, reserved 1114112K
  class space    used 7056K, committed 7360K, reserved 1048576K
}
Event: 1278.742 GC heap after
{Heap after GC invocations=100 (full 88):
 garbage-first heap   total reserved 1048576K, committed 80896K, used 38359K [0x00000000c0000000, 0x0000000100000000)
  region size 1024K, 0 young (0K), 0 survivors (0K)
 Metaspace       used 54666K, committed 55424K, reserved 1114112K
  class space    used 7056K, committed 7360K, reserved 1048576K
}
Event: 1289.470 GC heap before
{Heap before GC invocations=100 (full 88):
 garbage-first heap   total reserved 1048576K, committed 80896K, used 38359K [0x00000000c0000000, 0x0000000100000000)
  region size 1024K, 1 young (1024K), 0 survivors (0K)
 Metaspace       used 54666K, committed 55424K, reserved 1114112K
  class space    used 7056K, committed 7360K, reserved 1048576K
}
Event: 1289.541 GC heap after
{Heap after GC invocations=101 (full 89):
 garbage-first heap   total reserved 1048576K, committed 80896K, used 38359K [0x00000000c0000000, 0x0000000100000000)
  region size 1024K, 0 young (0K), 0 survivors (0K)
 Metaspace       used 54666K, committed 55424K, reserved 1114112K
  class space    used 7056K, committed 7360K, reserved 1048576K
}
Event: 1300.140 GC heap before
{Heap before GC invocations=101 (full 89):
 garbage-first heap   total reserved 1048576K, committed 80896K, used 38359K [0x00000000c0000000, 0x0000000100000000)
  region size 1024K, 1 young (1024K), 0 survivors (0K)
 Metaspace       used 54666K, committed 55424K, reserved 1114112K
  class space    used 7056K, committed 7360K, reserved 1048576K
}
Event: 1300.171 GC heap after
{Heap after GC invocations=102 (full 90):
 garbage-first heap   total reserved 1048576K, committed 80896K, used 38359K [0x00000000c0000000, 0x0000000100000000)
  region size 1024K, 0 young (0K), 0 survivors (0K)
 Metaspace       used 54666K, committed 55424K, reserved 1114112K
  class space    used 7056K, committed 7360K, reserved 1048576K
}
Event: 1310.379 GC heap before
{Heap before GC invocations=102 (full 90):
 garbage-first heap   total reserved 1048576K, committed 80896K, used 38359K [0x00000000c0000000, 0x0000000100000000)
  region size 1024K, 1 young (1024K), 0 survivors (0K)
 Metaspace       used 54666K, committed 55424K, reserved 1114112K
  class space    used 7056K, committed 7360K, reserved 1048576K
}

